<?xml version="1.0" encoding="UTF-8"?>
<!-- Generated by org.testng.reporters.JUnitReportReporter -->
<testsuite skipped="0" hostname="HP" name="com.Utilities.ExtentReport" tests="1" failures="0" timestamp="2019-12-11T17:43:35 GMT" time="0.979" errors="0">
  <testcase name="reports" time="0.979" classname="com.Utilities.ExtentReport"/>
</testsuite> <!-- com.Utilities.ExtentReport -->
