<?xml version="1.0" encoding="UTF-8"?>
<!-- Generated by org.testng.reporters.JUnitReportReporter -->
<testsuite skipped="0" hostname="HP" name="com.flighBooking.Tests.FlightBookingHomeTest" tests="1" failures="0" timestamp="2019-12-14T22:33:00 GMT" time="53.773" errors="0">
  <testcase name="flightsReservationTest" time="53.773" classname="com.flighBooking.Tests.FlightBookingHomeTest"/>
</testsuite> <!-- com.flighBooking.Tests.FlightBookingHomeTest -->
